<?xml version="1.0" encoding="UTF-8"?>
<testng-results ignored="0" total="1" passed="1" failed="0" skipped="0">
  <reporter-output>
  </reporter-output>
  <suite started-at="2025-12-01T18:13:32 IST" name="Default suite" finished-at="2025-12-01T18:13:37 IST" duration-ms="5521">
    <groups>
    </groups>
    <test started-at="2025-12-01T18:13:32 IST" name="Default test" finished-at="2025-12-01T18:13:37 IST" duration-ms="5521">
      <class name="tests.OpenBrowserTest">
        <test-method is-config="true" signature="setUp()[pri:0, instance:tests.OpenBrowserTest@68c9d179]" started-at="2025-12-01T18:13:32 IST" name="setUp" finished-at="2025-12-01T18:13:34 IST" duration-ms="2035" status="PASS">
          <reporter-output>
          </reporter-output>
        </test-method> <!-- setUp -->
        <test-method signature="openBrowserTest()[pri:0, instance:tests.OpenBrowserTest@68c9d179]" started-at="2025-12-01T18:13:34 IST" name="openBrowserTest" finished-at="2025-12-01T18:13:37 IST" duration-ms="2969" status="PASS">
          <reporter-output>
          </reporter-output>
        </test-method> <!-- openBrowserTest -->
        <test-method is-config="true" signature="tearDown()[pri:0, instance:tests.OpenBrowserTest@68c9d179]" started-at="2025-12-01T18:13:37 IST" name="tearDown" finished-at="2025-12-01T18:13:37 IST" duration-ms="314" status="PASS">
          <reporter-output>
          </reporter-output>
        </test-method> <!-- tearDown -->
      </class> <!-- tests.OpenBrowserTest -->
    </test> <!-- Default test -->
  </suite> <!-- Default suite -->
</testng-results>
